Build started 20.12.2016 13:54:58.
     1>Project "D:\Coding\ComputererGraphics\Ray_cast\RayTracer\src\RayTracer.vcxproj" on node 2 (Build target(s)).
     1>ClCompile:
         C:\Program Files (x86)\Microsoft Visual Studio 12.0\VC\bin\CL.exe /c /I..\glm /ZI /nologo /W3 /WX- /Od /Oy- /D WIN32 /D _DEBUG /D _CONSOLE /D _MBCS /Gm /EHsc /RTC1 /MDd /GS /fp:precise /Zc:wchar_t /Zc:forScope /Fo"Debug\\" /Fd"Debug\vc120.pdb" /Gd /TP /analyze- /errorReport:prompt Main.cpp
         Main.cpp
     1>d:\coding\computerergraphics\ray_cast\raytracer\src\types.h(8): warning C4305: 'initializing' : truncation from 'double' to 'const float'
     1>d:\coding\computerergraphics\ray_cast\raytracer\src\types.h(9): warning C4305: 'initializing' : truncation from 'double' to 'const float'
     1>d:\coding\computerergraphics\ray_cast\raytracer\src\types.h(11): warning C4305: 'initializing' : truncation from 'double' to 'const float'
     1>d:\coding\computerergraphics\ray_cast\raytracer\src\main.cpp(20): warning C4996: 'fopen': This function or variable may be unsafe. Consider using fopen_s instead. To disable deprecation, use _CRT_SECURE_NO_WARNINGS. See online help for details.
                 c:\program files (x86)\microsoft visual studio 12.0\vc\include\stdio.h(211) : see declaration of 'fopen'
     1>d:\coding\computerergraphics\ray_cast\raytracer\src\main.cpp(26): warning C4996: 'fscanf': This function or variable may be unsafe. Consider using fscanf_s instead. To disable deprecation, use _CRT_SECURE_NO_WARNINGS. See online help for details.
                 c:\program files (x86)\microsoft visual studio 12.0\vc\include\stdio.h(230) : see declaration of 'fscanf'
     1>d:\coding\computerergraphics\ray_cast\raytracer\src\main.cpp(31): warning C4996: 'fscanf': This function or variable may be unsafe. Consider using fscanf_s instead. To disable deprecation, use _CRT_SECURE_NO_WARNINGS. See online help for details.
                 c:\program files (x86)\microsoft visual studio 12.0\vc\include\stdio.h(230) : see declaration of 'fscanf'
     1>d:\coding\computerergraphics\ray_cast\raytracer\src\main.cpp(61): warning C4800: 'int' : forcing value to bool 'true' or 'false' (performance warning)
       Link:
         C:\Program Files (x86)\Microsoft Visual Studio 12.0\VC\bin\link.exe /ERRORREPORT:PROMPT /OUT:"D:\Coding\ComputererGraphics\Ray_cast\RayTracer\src\..\bin\RayTracer.exe" /INCREMENTAL /NOLOGO kernel32.lib user32.lib gdi32.lib winspool.lib comdlg32.lib advapi32.lib shell32.lib ole32.lib oleaut32.lib uuid.lib odbc32.lib odbccp32.lib /MANIFEST /MANIFESTUAC:"level='asInvoker' uiAccess='false'" /manifest:embed /DEBUG /PDB:"D:\Coding\ComputererGraphics\Ray_cast\RayTracer\src\..\bin\RayTracer.pdb" /SUBSYSTEM:CONSOLE /TLBID:1 /DYNAMICBASE /NXCOMPAT /IMPLIB:"D:\Coding\ComputererGraphics\Ray_cast\RayTracer\src\..\bin\RayTracer.lib" /MACHINE:X86 Debug\Main.obj
         Debug\Scene.obj
         Debug\Tracer.obj
         Debug\Types.obj
         RayTracer.vcxproj -> D:\Coding\ComputererGraphics\Ray_cast\RayTracer\src\..\bin\RayTracer.exe
     1>Done Building Project "D:\Coding\ComputererGraphics\Ray_cast\RayTracer\src\RayTracer.vcxproj" (Build target(s)).

Build succeeded.

Time Elapsed 00:00:01.85
